[2020-11-15T20:16:00.110] [ERROR] cheese - Cheese is too ripe!
[2020-11-15T20:16:00.112] [FATAL] cheese - Cheese was breeding ground for listeria.
[2020-11-15T20:16:26.069] [ERROR] cheese - Cheese is too ripe!
[2020-11-15T20:16:26.071] [FATAL] cheese - Cheese was breeding ground for listeria.
[2020-11-15T20:16:42.558] [ERROR] cheese - Cheese is too ripe!
[2020-11-15T20:16:42.561] [FATAL] cheese - Cheese was breeding ground for listeria.
[2020-11-15T20:16:45.886] [ERROR] cheese - Cheese is too ripe!
[2020-11-15T20:16:45.888] [FATAL] cheese - Cheese was breeding ground for listeria.
[2020-11-15T20:16:52.833] [ERROR] cheese - Cheese is too ripe!
[2020-11-15T20:16:52.835] [FATAL] cheese - Cheese was breeding ground for listeria.
[2020-11-15T20:17:10.960] [ERROR] cheese - Cheese is too ripe!
[2020-11-15T20:17:10.962] [FATAL] cheese - Cheese was breeding ground for listeria.
[2020-11-15T20:17:41.903] [ERROR] cheese - Cheese is too ripe!
[2020-11-15T20:17:41.905] [FATAL] cheese - Cheese was breeding ground for listeria.
[2020-11-15T20:18:05.667] [ERROR] cheese - Cheese is too ripe!
[2020-11-15T20:18:05.669] [FATAL] cheese - Cheese was breeding ground for listeria.
[2020-11-15T20:19:35.359] [ERROR] cheese - Cheese is too ripe!
[2020-11-15T20:19:35.361] [FATAL] cheese - Cheese was breeding ground for listeria.
[2020-11-15T20:19:37.811] [ERROR] cheese - Cheese is too ripe!
[2020-11-15T20:19:37.813] [FATAL] cheese - Cheese was breeding ground for listeria.
[2020-11-15T20:20:55.090] [ERROR] cheese - Cheese is too ripe!
[2020-11-15T20:20:55.095] [FATAL] cheese - Cheese was breeding ground for listeria.
[2020-11-15T20:21:16.128] [ERROR] cheese - Cheese is too ripe!
[2020-11-15T20:21:16.131] [FATAL] cheese - Cheese was breeding ground for listeria.
[2020-11-15T20:38:31.328] [ERROR] cheese - Cheese is too ripe!
[2020-11-15T20:38:31.330] [FATAL] cheese - Cheese was breeding ground for listeria.
[2020-11-15T20:40:48.493] [ERROR] cheese - Cheese is too ripe!
[2020-11-15T20:40:48.495] [FATAL] cheese - Cheese was breeding ground for listeria.
[2020-11-15T20:41:26.109] [ERROR] cheese - Cheese is too ripe!
[2020-11-15T20:41:26.112] [FATAL] cheese - Cheese was breeding ground for listeria.
[2020-11-15T20:41:40.217] [ERROR] cheese - Cheese is too ripe!
[2020-11-15T20:41:40.219] [FATAL] cheese - Cheese was breeding ground for listeria.
[2020-11-15T20:41:51.355] [ERROR] cheese - Cheese is too ripe!
[2020-11-15T20:41:51.357] [FATAL] cheese - Cheese was breeding ground for listeria.
[2020-11-15T20:45:23.667] [ERROR] cheese - Cheese is too ripe!
[2020-11-15T20:45:23.669] [FATAL] cheese - Cheese was breeding ground for listeria.
[2020-11-15T20:56:04.498] [ERROR] cheese - Cheese is too ripe!
[2020-11-15T20:56:04.500] [FATAL] cheese - Cheese was breeding ground for listeria.
[2020-11-15T20:56:58.210] [ERROR] cheese - Cheese is too ripe!
[2020-11-15T20:56:58.212] [FATAL] cheese - Cheese was breeding ground for listeria.
[2020-11-15T20:57:20.954] [ERROR] cheese - Cheese is too ripe!
[2020-11-15T20:57:20.955] [FATAL] cheese - Cheese was breeding ground for listeria.
[2020-11-15T20:58:09.731] [ERROR] cheese - Cheese is too ripe!
[2020-11-15T20:58:09.734] [FATAL] cheese - Cheese was breeding ground for listeria.
[2020-11-15T21:01:00.499] [ERROR] cheese - Cheese is too ripe!
[2020-11-15T21:01:00.501] [FATAL] cheese - Cheese was breeding ground for listeria.
[2020-11-15T21:36:51.072] [ERROR] cheese - Cheese is too ripe!
[2020-11-15T21:36:51.074] [FATAL] cheese - Cheese was breeding ground for listeria.
[2020-11-16T20:06:18.718] [ERROR] cheese - Cheese is too ripe!
[2020-11-16T20:06:18.721] [FATAL] cheese - Cheese was breeding ground for listeria.
[2020-11-16T20:07:18.801] [ERROR] cheese - Cheese is too ripe!
[2020-11-16T20:07:18.803] [FATAL] cheese - Cheese was breeding ground for listeria.
[2020-11-16T20:11:35.793] [ERROR] cheese - Cheese is too ripe!
[2020-11-16T20:11:35.795] [FATAL] cheese - Cheese was breeding ground for listeria.
[2020-11-16T20:22:19.609] [ERROR] cheese - Cheese is too ripe!
[2020-11-16T20:22:19.610] [FATAL] cheese - Cheese was breeding ground for listeria.
[2020-11-17T21:34:27.418] [ERROR] cheese - Error: 有问题
    at _callee$ (/Users/hecheng/Desktop/homeWork/secondWeek/controllers/IndexController.js:8:11)
    at tryCatch (/Users/hecheng/Desktop/homeWork/secondWeek/node_modules/regenerator-runtime/runtime.js:63:40)
    at Generator.invoke [as _invoke] (/Users/hecheng/Desktop/homeWork/secondWeek/node_modules/regenerator-runtime/runtime.js:293:22)
    at Generator.next (/Users/hecheng/Desktop/homeWork/secondWeek/node_modules/regenerator-runtime/runtime.js:118:21)
    at asyncGeneratorStep (/Users/hecheng/Desktop/homeWork/secondWeek/controllers/IndexController.js:14:103)
    at _next (/Users/hecheng/Desktop/homeWork/secondWeek/controllers/IndexController.js:16:194)
    at /Users/hecheng/Desktop/homeWork/secondWeek/controllers/IndexController.js:16:364
    at new Promise (<anonymous>)
    at /Users/hecheng/Desktop/homeWork/secondWeek/controllers/IndexController.js:16:97
    at actionIndex (/Users/hecheng/Desktop/homeWork/secondWeek/controllers/IndexController.js:71:29)
[2020-11-17T21:34:31.220] [ERROR] cheese - Error: 有问题
    at _callee$ (/Users/hecheng/Desktop/homeWork/secondWeek/controllers/IndexController.js:8:11)
    at tryCatch (/Users/hecheng/Desktop/homeWork/secondWeek/node_modules/regenerator-runtime/runtime.js:63:40)
    at Generator.invoke [as _invoke] (/Users/hecheng/Desktop/homeWork/secondWeek/node_modules/regenerator-runtime/runtime.js:293:22)
    at Generator.next (/Users/hecheng/Desktop/homeWork/secondWeek/node_modules/regenerator-runtime/runtime.js:118:21)
    at asyncGeneratorStep (/Users/hecheng/Desktop/homeWork/secondWeek/controllers/IndexController.js:14:103)
    at _next (/Users/hecheng/Desktop/homeWork/secondWeek/controllers/IndexController.js:16:194)
    at /Users/hecheng/Desktop/homeWork/secondWeek/controllers/IndexController.js:16:364
    at new Promise (<anonymous>)
    at /Users/hecheng/Desktop/homeWork/secondWeek/controllers/IndexController.js:16:97
    at actionIndex (/Users/hecheng/Desktop/homeWork/secondWeek/controllers/IndexController.js:71:29)
[2020-11-17T21:34:45.708] [ERROR] cheese - Error: 有问题
    at _callee$ (/Users/hecheng/Desktop/homeWork/secondWeek/controllers/IndexController.js:8:11)
    at tryCatch (/Users/hecheng/Desktop/homeWork/secondWeek/node_modules/regenerator-runtime/runtime.js:63:40)
    at Generator.invoke [as _invoke] (/Users/hecheng/Desktop/homeWork/secondWeek/node_modules/regenerator-runtime/runtime.js:293:22)
    at Generator.next (/Users/hecheng/Desktop/homeWork/secondWeek/node_modules/regenerator-runtime/runtime.js:118:21)
    at asyncGeneratorStep (/Users/hecheng/Desktop/homeWork/secondWeek/controllers/IndexController.js:14:103)
    at _next (/Users/hecheng/Desktop/homeWork/secondWeek/controllers/IndexController.js:16:194)
    at /Users/hecheng/Desktop/homeWork/secondWeek/controllers/IndexController.js:16:364
    at new Promise (<anonymous>)
    at /Users/hecheng/Desktop/homeWork/secondWeek/controllers/IndexController.js:16:97
    at actionIndex (/Users/hecheng/Desktop/homeWork/secondWeek/controllers/IndexController.js:71:29)
[2020-11-17T21:34:47.693] [ERROR] cheese - Error: 有问题
    at _callee$ (/Users/hecheng/Desktop/homeWork/secondWeek/controllers/IndexController.js:8:11)
    at tryCatch (/Users/hecheng/Desktop/homeWork/secondWeek/node_modules/regenerator-runtime/runtime.js:63:40)
    at Generator.invoke [as _invoke] (/Users/hecheng/Desktop/homeWork/secondWeek/node_modules/regenerator-runtime/runtime.js:293:22)
    at Generator.next (/Users/hecheng/Desktop/homeWork/secondWeek/node_modules/regenerator-runtime/runtime.js:118:21)
    at asyncGeneratorStep (/Users/hecheng/Desktop/homeWork/secondWeek/controllers/IndexController.js:14:103)
    at _next (/Users/hecheng/Desktop/homeWork/secondWeek/controllers/IndexController.js:16:194)
    at /Users/hecheng/Desktop/homeWork/secondWeek/controllers/IndexController.js:16:364
    at new Promise (<anonymous>)
    at /Users/hecheng/Desktop/homeWork/secondWeek/controllers/IndexController.js:16:97
    at actionIndex (/Users/hecheng/Desktop/homeWork/secondWeek/controllers/IndexController.js:71:29)
[2020-11-17T21:45:22.216] [ERROR] cheese - Error: 有问题
    at _callee$ (/Users/hecheng/Desktop/homeWork/secondWeek/controllers/IndexController.js:9:11)
    at tryCatch (/Users/hecheng/Desktop/homeWork/secondWeek/node_modules/regenerator-runtime/runtime.js:63:40)
    at Generator.invoke [as _invoke] (/Users/hecheng/Desktop/homeWork/secondWeek/node_modules/regenerator-runtime/runtime.js:293:22)
    at Generator.next (/Users/hecheng/Desktop/homeWork/secondWeek/node_modules/regenerator-runtime/runtime.js:118:21)
    at asyncGeneratorStep (/Users/hecheng/Desktop/homeWork/secondWeek/controllers/IndexController.js:14:103)
    at _next (/Users/hecheng/Desktop/homeWork/secondWeek/controllers/IndexController.js:16:194)
[2020-11-17T21:45:42.498] [ERROR] cheese - Error: 有问题
    at _callee$ (/Users/hecheng/Desktop/homeWork/secondWeek/controllers/IndexController.js:9:11)
    at tryCatch (/Users/hecheng/Desktop/homeWork/secondWeek/node_modules/regenerator-runtime/runtime.js:63:40)
    at Generator.invoke [as _invoke] (/Users/hecheng/Desktop/homeWork/secondWeek/node_modules/regenerator-runtime/runtime.js:293:22)
    at Generator.next (/Users/hecheng/Desktop/homeWork/secondWeek/node_modules/regenerator-runtime/runtime.js:118:21)
    at asyncGeneratorStep (/Users/hecheng/Desktop/homeWork/secondWeek/controllers/IndexController.js:14:103)
    at _next (/Users/hecheng/Desktop/homeWork/secondWeek/controllers/IndexController.js:16:194)
[2020-11-17T21:46:46.782] [ERROR] cheese - Error: 有问题
    at _callee$ (/Users/hecheng/Desktop/homeWork/secondWeek/controllers/IndexController.js:9:11)
    at tryCatch (/Users/hecheng/Desktop/homeWork/secondWeek/node_modules/regenerator-runtime/runtime.js:63:40)
    at Generator.invoke [as _invoke] (/Users/hecheng/Desktop/homeWork/secondWeek/node_modules/regenerator-runtime/runtime.js:293:22)
    at Generator.next (/Users/hecheng/Desktop/homeWork/secondWeek/node_modules/regenerator-runtime/runtime.js:118:21)
    at asyncGeneratorStep (/Users/hecheng/Desktop/homeWork/secondWeek/controllers/IndexController.js:14:103)
    at _next (/Users/hecheng/Desktop/homeWork/secondWeek/controllers/IndexController.js:16:194)
[2020-11-17T21:49:02.708] [ERROR] cheese - Error: 有问题
    at _callee$ (/Users/hecheng/Desktop/homeWork/secondWeek/controllers/IndexController.js:9:11)
    at tryCatch (/Users/hecheng/Desktop/homeWork/secondWeek/node_modules/regenerator-runtime/runtime.js:63:40)
    at Generator.invoke [as _invoke] (/Users/hecheng/Desktop/homeWork/secondWeek/node_modules/regenerator-runtime/runtime.js:293:22)
    at Generator.next (/Users/hecheng/Desktop/homeWork/secondWeek/node_modules/regenerator-runtime/runtime.js:118:21)
    at asyncGeneratorStep (/Users/hecheng/Desktop/homeWork/secondWeek/controllers/IndexController.js:14:103)
    at _next (/Users/hecheng/Desktop/homeWork/secondWeek/controllers/IndexController.js:16:194)
[2020-11-17T21:49:03.353] [ERROR] cheese - Error: 有问题
    at _callee$ (/Users/hecheng/Desktop/homeWork/secondWeek/controllers/IndexController.js:9:11)
    at tryCatch (/Users/hecheng/Desktop/homeWork/secondWeek/node_modules/regenerator-runtime/runtime.js:63:40)
    at Generator.invoke [as _invoke] (/Users/hecheng/Desktop/homeWork/secondWeek/node_modules/regenerator-runtime/runtime.js:293:22)
    at Generator.next (/Users/hecheng/Desktop/homeWork/secondWeek/node_modules/regenerator-runtime/runtime.js:118:21)
    at asyncGeneratorStep (/Users/hecheng/Desktop/homeWork/secondWeek/controllers/IndexController.js:14:103)
    at _next (/Users/hecheng/Desktop/homeWork/secondWeek/controllers/IndexController.js:16:194)
[2020-11-17T21:49:03.665] [ERROR] cheese - Error: 有问题
    at _callee$ (/Users/hecheng/Desktop/homeWork/secondWeek/controllers/IndexController.js:9:11)
    at tryCatch (/Users/hecheng/Desktop/homeWork/secondWeek/node_modules/regenerator-runtime/runtime.js:63:40)
    at Generator.invoke [as _invoke] (/Users/hecheng/Desktop/homeWork/secondWeek/node_modules/regenerator-runtime/runtime.js:293:22)
    at Generator.next (/Users/hecheng/Desktop/homeWork/secondWeek/node_modules/regenerator-runtime/runtime.js:118:21)
    at asyncGeneratorStep (/Users/hecheng/Desktop/homeWork/secondWeek/controllers/IndexController.js:14:103)
    at _next (/Users/hecheng/Desktop/homeWork/secondWeek/controllers/IndexController.js:16:194)
[2020-11-17T21:53:40.240] [ERROR] cheese - Error: 有问题
    at _callee$ (/Users/hecheng/Desktop/homeWork/secondWeek/controllers/IndexController.js:9:11)
    at tryCatch (/Users/hecheng/Desktop/homeWork/secondWeek/node_modules/regenerator-runtime/runtime.js:63:40)
    at Generator.invoke [as _invoke] (/Users/hecheng/Desktop/homeWork/secondWeek/node_modules/regenerator-runtime/runtime.js:293:22)
    at Generator.next (/Users/hecheng/Desktop/homeWork/secondWeek/node_modules/regenerator-runtime/runtime.js:118:21)
    at asyncGeneratorStep (/Users/hecheng/Desktop/homeWork/secondWeek/controllers/IndexController.js:14:103)
    at _next (/Users/hecheng/Desktop/homeWork/secondWeek/controllers/IndexController.js:16:194)
[2020-11-17T21:53:41.049] [ERROR] cheese - Error: 有问题
    at _callee$ (/Users/hecheng/Desktop/homeWork/secondWeek/controllers/IndexController.js:9:11)
    at tryCatch (/Users/hecheng/Desktop/homeWork/secondWeek/node_modules/regenerator-runtime/runtime.js:63:40)
    at Generator.invoke [as _invoke] (/Users/hecheng/Desktop/homeWork/secondWeek/node_modules/regenerator-runtime/runtime.js:293:22)
    at Generator.next (/Users/hecheng/Desktop/homeWork/secondWeek/node_modules/regenerator-runtime/runtime.js:118:21)
    at asyncGeneratorStep (/Users/hecheng/Desktop/homeWork/secondWeek/controllers/IndexController.js:14:103)
    at _next (/Users/hecheng/Desktop/homeWork/secondWeek/controllers/IndexController.js:16:194)
[2020-11-17T21:53:41.346] [ERROR] cheese - Error: 有问题
    at _callee$ (/Users/hecheng/Desktop/homeWork/secondWeek/controllers/IndexController.js:9:11)
    at tryCatch (/Users/hecheng/Desktop/homeWork/secondWeek/node_modules/regenerator-runtime/runtime.js:63:40)
    at Generator.invoke [as _invoke] (/Users/hecheng/Desktop/homeWork/secondWeek/node_modules/regenerator-runtime/runtime.js:293:22)
    at Generator.next (/Users/hecheng/Desktop/homeWork/secondWeek/node_modules/regenerator-runtime/runtime.js:118:21)
    at asyncGeneratorStep (/Users/hecheng/Desktop/homeWork/secondWeek/controllers/IndexController.js:14:103)
    at _next (/Users/hecheng/Desktop/homeWork/secondWeek/controllers/IndexController.js:16:194)
[2020-11-17T21:54:51.476] [ERROR] cheese - Error: 有问题
    at _callee$ (/Users/hecheng/Desktop/homeWork/secondWeek/controllers/IndexController.js:9:11)
    at tryCatch (/Users/hecheng/Desktop/homeWork/secondWeek/node_modules/regenerator-runtime/runtime.js:63:40)
    at Generator.invoke [as _invoke] (/Users/hecheng/Desktop/homeWork/secondWeek/node_modules/regenerator-runtime/runtime.js:293:22)
    at Generator.next (/Users/hecheng/Desktop/homeWork/secondWeek/node_modules/regenerator-runtime/runtime.js:118:21)
    at asyncGeneratorStep (/Users/hecheng/Desktop/homeWork/secondWeek/controllers/IndexController.js:14:103)
    at _next (/Users/hecheng/Desktop/homeWork/secondWeek/controllers/IndexController.js:16:194)
[2020-11-17T21:55:08.258] [ERROR] cheese - Error: 有问题
    at _callee$ (/Users/hecheng/Desktop/homeWork/secondWeek/controllers/IndexController.js:9:11)
    at tryCatch (/Users/hecheng/Desktop/homeWork/secondWeek/node_modules/regenerator-runtime/runtime.js:63:40)
    at Generator.invoke [as _invoke] (/Users/hecheng/Desktop/homeWork/secondWeek/node_modules/regenerator-runtime/runtime.js:293:22)
    at Generator.next (/Users/hecheng/Desktop/homeWork/secondWeek/node_modules/regenerator-runtime/runtime.js:118:21)
    at asyncGeneratorStep (/Users/hecheng/Desktop/homeWork/secondWeek/controllers/IndexController.js:14:103)
    at _next (/Users/hecheng/Desktop/homeWork/secondWeek/controllers/IndexController.js:16:194)
[2020-11-17T21:55:09.577] [ERROR] cheese - Error: 有问题
    at _callee$ (/Users/hecheng/Desktop/homeWork/secondWeek/controllers/IndexController.js:9:11)
    at tryCatch (/Users/hecheng/Desktop/homeWork/secondWeek/node_modules/regenerator-runtime/runtime.js:63:40)
    at Generator.invoke [as _invoke] (/Users/hecheng/Desktop/homeWork/secondWeek/node_modules/regenerator-runtime/runtime.js:293:22)
    at Generator.next (/Users/hecheng/Desktop/homeWork/secondWeek/node_modules/regenerator-runtime/runtime.js:118:21)
    at asyncGeneratorStep (/Users/hecheng/Desktop/homeWork/secondWeek/controllers/IndexController.js:14:103)
    at _next (/Users/hecheng/Desktop/homeWork/secondWeek/controllers/IndexController.js:16:194)
[2020-11-17T21:55:09.855] [ERROR] cheese - Error: 有问题
    at _callee$ (/Users/hecheng/Desktop/homeWork/secondWeek/controllers/IndexController.js:9:11)
    at tryCatch (/Users/hecheng/Desktop/homeWork/secondWeek/node_modules/regenerator-runtime/runtime.js:63:40)
    at Generator.invoke [as _invoke] (/Users/hecheng/Desktop/homeWork/secondWeek/node_modules/regenerator-runtime/runtime.js:293:22)
    at Generator.next (/Users/hecheng/Desktop/homeWork/secondWeek/node_modules/regenerator-runtime/runtime.js:118:21)
    at asyncGeneratorStep (/Users/hecheng/Desktop/homeWork/secondWeek/controllers/IndexController.js:14:103)
    at _next (/Users/hecheng/Desktop/homeWork/secondWeek/controllers/IndexController.js:16:194)
[2020-11-17T21:55:10.052] [ERROR] cheese - Error: 有问题
    at _callee$ (/Users/hecheng/Desktop/homeWork/secondWeek/controllers/IndexController.js:9:11)
    at tryCatch (/Users/hecheng/Desktop/homeWork/secondWeek/node_modules/regenerator-runtime/runtime.js:63:40)
    at Generator.invoke [as _invoke] (/Users/hecheng/Desktop/homeWork/secondWeek/node_modules/regenerator-runtime/runtime.js:293:22)
    at Generator.next (/Users/hecheng/Desktop/homeWork/secondWeek/node_modules/regenerator-runtime/runtime.js:118:21)
    at asyncGeneratorStep (/Users/hecheng/Desktop/homeWork/secondWeek/controllers/IndexController.js:14:103)
    at _next (/Users/hecheng/Desktop/homeWork/secondWeek/controllers/IndexController.js:16:194)
[2020-11-17T21:55:10.447] [ERROR] cheese - Error: 有问题
    at _callee$ (/Users/hecheng/Desktop/homeWork/secondWeek/controllers/IndexController.js:9:11)
    at tryCatch (/Users/hecheng/Desktop/homeWork/secondWeek/node_modules/regenerator-runtime/runtime.js:63:40)
    at Generator.invoke [as _invoke] (/Users/hecheng/Desktop/homeWork/secondWeek/node_modules/regenerator-runtime/runtime.js:293:22)
    at Generator.next (/Users/hecheng/Desktop/homeWork/secondWeek/node_modules/regenerator-runtime/runtime.js:118:21)
    at asyncGeneratorStep (/Users/hecheng/Desktop/homeWork/secondWeek/controllers/IndexController.js:14:103)
    at _next (/Users/hecheng/Desktop/homeWork/secondWeek/controllers/IndexController.js:16:194)
[2020-11-17T21:55:15.703] [ERROR] cheese - Error: 有问题
    at _callee$ (/Users/hecheng/Desktop/homeWork/secondWeek/controllers/IndexController.js:9:11)
    at tryCatch (/Users/hecheng/Desktop/homeWork/secondWeek/node_modules/regenerator-runtime/runtime.js:63:40)
    at Generator.invoke [as _invoke] (/Users/hecheng/Desktop/homeWork/secondWeek/node_modules/regenerator-runtime/runtime.js:293:22)
    at Generator.next (/Users/hecheng/Desktop/homeWork/secondWeek/node_modules/regenerator-runtime/runtime.js:118:21)
    at asyncGeneratorStep (/Users/hecheng/Desktop/homeWork/secondWeek/controllers/IndexController.js:14:103)
    at _next (/Users/hecheng/Desktop/homeWork/secondWeek/controllers/IndexController.js:16:194)
[2020-11-17T21:55:17.894] [ERROR] cheese - Error: 有问题
    at _callee$ (/Users/hecheng/Desktop/homeWork/secondWeek/controllers/IndexController.js:9:11)
    at tryCatch (/Users/hecheng/Desktop/homeWork/secondWeek/node_modules/regenerator-runtime/runtime.js:63:40)
    at Generator.invoke [as _invoke] (/Users/hecheng/Desktop/homeWork/secondWeek/node_modules/regenerator-runtime/runtime.js:293:22)
    at Generator.next (/Users/hecheng/Desktop/homeWork/secondWeek/node_modules/regenerator-runtime/runtime.js:118:21)
    at asyncGeneratorStep (/Users/hecheng/Desktop/homeWork/secondWeek/controllers/IndexController.js:14:103)
    at _next (/Users/hecheng/Desktop/homeWork/secondWeek/controllers/IndexController.js:16:194)
[2020-11-17T21:56:15.446] [ERROR] cheese - Error: 有问题
    at _callee$ (/Users/hecheng/Desktop/homeWork/secondWeek/controllers/IndexController.js:9:11)
    at tryCatch (/Users/hecheng/Desktop/homeWork/secondWeek/node_modules/regenerator-runtime/runtime.js:63:40)
    at Generator.invoke [as _invoke] (/Users/hecheng/Desktop/homeWork/secondWeek/node_modules/regenerator-runtime/runtime.js:293:22)
    at Generator.next (/Users/hecheng/Desktop/homeWork/secondWeek/node_modules/regenerator-runtime/runtime.js:118:21)
    at asyncGeneratorStep (/Users/hecheng/Desktop/homeWork/secondWeek/controllers/IndexController.js:14:103)
    at _next (/Users/hecheng/Desktop/homeWork/secondWeek/controllers/IndexController.js:16:194)
[2020-11-17T21:59:20.758] [ERROR] cheese - Error: 有问题
    at _callee$ (/Users/hecheng/Desktop/homeWork/secondWeek/controllers/IndexController.js:9:11)
    at tryCatch (/Users/hecheng/Desktop/homeWork/secondWeek/node_modules/regenerator-runtime/runtime.js:63:40)
    at Generator.invoke [as _invoke] (/Users/hecheng/Desktop/homeWork/secondWeek/node_modules/regenerator-runtime/runtime.js:293:22)
    at Generator.next (/Users/hecheng/Desktop/homeWork/secondWeek/node_modules/regenerator-runtime/runtime.js:118:21)
    at asyncGeneratorStep (/Users/hecheng/Desktop/homeWork/secondWeek/controllers/IndexController.js:14:103)
    at _next (/Users/hecheng/Desktop/homeWork/secondWeek/controllers/IndexController.js:16:194)
[2020-11-17T21:59:21.383] [ERROR] cheese - Error: 有问题
    at _callee$ (/Users/hecheng/Desktop/homeWork/secondWeek/controllers/IndexController.js:9:11)
    at tryCatch (/Users/hecheng/Desktop/homeWork/secondWeek/node_modules/regenerator-runtime/runtime.js:63:40)
    at Generator.invoke [as _invoke] (/Users/hecheng/Desktop/homeWork/secondWeek/node_modules/regenerator-runtime/runtime.js:293:22)
    at Generator.next (/Users/hecheng/Desktop/homeWork/secondWeek/node_modules/regenerator-runtime/runtime.js:118:21)
    at asyncGeneratorStep (/Users/hecheng/Desktop/homeWork/secondWeek/controllers/IndexController.js:14:103)
    at _next (/Users/hecheng/Desktop/homeWork/secondWeek/controllers/IndexController.js:16:194)
[2020-11-17T21:59:21.711] [ERROR] cheese - Error: 有问题
    at _callee$ (/Users/hecheng/Desktop/homeWork/secondWeek/controllers/IndexController.js:9:11)
    at tryCatch (/Users/hecheng/Desktop/homeWork/secondWeek/node_modules/regenerator-runtime/runtime.js:63:40)
    at Generator.invoke [as _invoke] (/Users/hecheng/Desktop/homeWork/secondWeek/node_modules/regenerator-runtime/runtime.js:293:22)
    at Generator.next (/Users/hecheng/Desktop/homeWork/secondWeek/node_modules/regenerator-runtime/runtime.js:118:21)
    at asyncGeneratorStep (/Users/hecheng/Desktop/homeWork/secondWeek/controllers/IndexController.js:14:103)
    at _next (/Users/hecheng/Desktop/homeWork/secondWeek/controllers/IndexController.js:16:194)
[2020-11-17T21:59:22.114] [ERROR] cheese - Error: 有问题
    at _callee$ (/Users/hecheng/Desktop/homeWork/secondWeek/controllers/IndexController.js:9:11)
    at tryCatch (/Users/hecheng/Desktop/homeWork/secondWeek/node_modules/regenerator-runtime/runtime.js:63:40)
    at Generator.invoke [as _invoke] (/Users/hecheng/Desktop/homeWork/secondWeek/node_modules/regenerator-runtime/runtime.js:293:22)
    at Generator.next (/Users/hecheng/Desktop/homeWork/secondWeek/node_modules/regenerator-runtime/runtime.js:118:21)
    at asyncGeneratorStep (/Users/hecheng/Desktop/homeWork/secondWeek/controllers/IndexController.js:14:103)
    at _next (/Users/hecheng/Desktop/homeWork/secondWeek/controllers/IndexController.js:16:194)
[2020-11-17T21:59:55.835] [ERROR] cheese - Error: 有问题
    at _callee$ (/Users/hecheng/Desktop/homeWork/secondWeek/controllers/IndexController.js:9:11)
    at tryCatch (/Users/hecheng/Desktop/homeWork/secondWeek/node_modules/regenerator-runtime/runtime.js:63:40)
    at Generator.invoke [as _invoke] (/Users/hecheng/Desktop/homeWork/secondWeek/node_modules/regenerator-runtime/runtime.js:293:22)
    at Generator.next (/Users/hecheng/Desktop/homeWork/secondWeek/node_modules/regenerator-runtime/runtime.js:118:21)
    at asyncGeneratorStep (/Users/hecheng/Desktop/homeWork/secondWeek/controllers/IndexController.js:14:103)
    at _next (/Users/hecheng/Desktop/homeWork/secondWeek/controllers/IndexController.js:16:194)
[2020-11-17T21:59:56.439] [ERROR] cheese - Error: 有问题
    at _callee$ (/Users/hecheng/Desktop/homeWork/secondWeek/controllers/IndexController.js:9:11)
    at tryCatch (/Users/hecheng/Desktop/homeWork/secondWeek/node_modules/regenerator-runtime/runtime.js:63:40)
    at Generator.invoke [as _invoke] (/Users/hecheng/Desktop/homeWork/secondWeek/node_modules/regenerator-runtime/runtime.js:293:22)
    at Generator.next (/Users/hecheng/Desktop/homeWork/secondWeek/node_modules/regenerator-runtime/runtime.js:118:21)
    at asyncGeneratorStep (/Users/hecheng/Desktop/homeWork/secondWeek/controllers/IndexController.js:14:103)
    at _next (/Users/hecheng/Desktop/homeWork/secondWeek/controllers/IndexController.js:16:194)
[2020-11-17T21:59:56.741] [ERROR] cheese - Error: 有问题
    at _callee$ (/Users/hecheng/Desktop/homeWork/secondWeek/controllers/IndexController.js:9:11)
    at tryCatch (/Users/hecheng/Desktop/homeWork/secondWeek/node_modules/regenerator-runtime/runtime.js:63:40)
    at Generator.invoke [as _invoke] (/Users/hecheng/Desktop/homeWork/secondWeek/node_modules/regenerator-runtime/runtime.js:293:22)
    at Generator.next (/Users/hecheng/Desktop/homeWork/secondWeek/node_modules/regenerator-runtime/runtime.js:118:21)
    at asyncGeneratorStep (/Users/hecheng/Desktop/homeWork/secondWeek/controllers/IndexController.js:14:103)
    at _next (/Users/hecheng/Desktop/homeWork/secondWeek/controllers/IndexController.js:16:194)
[2020-11-17T21:59:56.985] [ERROR] cheese - Error: 有问题
    at _callee$ (/Users/hecheng/Desktop/homeWork/secondWeek/controllers/IndexController.js:9:11)
    at tryCatch (/Users/hecheng/Desktop/homeWork/secondWeek/node_modules/regenerator-runtime/runtime.js:63:40)
    at Generator.invoke [as _invoke] (/Users/hecheng/Desktop/homeWork/secondWeek/node_modules/regenerator-runtime/runtime.js:293:22)
    at Generator.next (/Users/hecheng/Desktop/homeWork/secondWeek/node_modules/regenerator-runtime/runtime.js:118:21)
    at asyncGeneratorStep (/Users/hecheng/Desktop/homeWork/secondWeek/controllers/IndexController.js:14:103)
    at _next (/Users/hecheng/Desktop/homeWork/secondWeek/controllers/IndexController.js:16:194)
